<?xml version="1.0" encoding="UTF-8"?>
<!-- Generated by org.testng.reporters.JUnitReportReporter -->
<testsuite hostname="LAPTOP-TGO2J5N0" name="base.DBConnection" tests="1" failures="0" timestamp="9 May 2019 12:22:57 GMT" time="0.014" errors="0">
  <testcase name="test" time="0.014" classname="base.DBConnection"/>
</testsuite> <!-- base.DBConnection -->
