<?xml version="1.0" encoding="UTF-8"?>
<!-- Generated by org.testng.reporters.JUnitReportReporter -->
<testsuite hostname="LAPTOP-TGO2J5N0" name="test.APIPProfileGETTests" tests="8" failures="0" timestamp="22 Jun 2019 19:54:31 GMT" time="2.623" errors="0">
  <testcase name="GetPProfileAdminRole" time="2.001" classname="test.APIPProfileGETTests"/>
  <testcase name="GetPProfileNoPprofilesInDb" time="0.064" classname="test.APIPProfileGETTests"/>
  <testcase name="GetPProfileSuperAdminRole" time="0.175" classname="test.APIPProfileGETTests"/>
  <testcase name="GetPProfileInvalidAPIToken" time="0.083" classname="test.APIPProfileGETTests"/>
  <testcase name="GetPProfileInvalidParamName" time="0.074" classname="test.APIPProfileGETTests"/>
  <testcase name="GetPProfileMissingAPIToken" time="0.056" classname="test.APIPProfileGETTests"/>
  <testcase name="GetPProfileStandardRole" time="0.090" classname="test.APIPProfileGETTests"/>
  <testcase name="GetPProfileCustomerOwnerRole" time="0.080" classname="test.APIPProfileGETTests"/>
</testsuite> <!-- test.APIPProfileGETTests -->
