<?xml version="1.0" encoding="UTF-8"?>
<!-- Generated by org.testng.reporters.JUnitReportReporter -->
<testsuite hostname="LAPTOP-TGO2J5N0" name="test.APIEumPUTTests" tests="13" failures="0" timestamp="25 Jun 2019 13:31:12 GMT" time="3.977" errors="0">
  <testcase name="UpdateEumAdminRole" time="2.518" classname="test.APIEumPUTTests"/>
  <testcase name="UpdateEumInvalidAPIName" time="0.120" classname="test.APIEumPUTTests"/>
  <testcase name="UpdateEumExistingEUMId" time="0.134" classname="test.APIEumPUTTests"/>
  <testcase name="UpdateEumSuperAdminRole" time="0.132" classname="test.APIEumPUTTests"/>
  <testcase name="UpdateEumV1AndNotV2" time="0.109" classname="test.APIEumPUTTests"/>
  <testcase name="UpdateEumMissingAPIToken" time="0.104" classname="test.APIEumPUTTests"/>
  <testcase name="UpdateEumInvalidEumName" time="0.119" classname="test.APIEumPUTTests"/>
  <testcase name="UpdateEumCustomerOwnerRole" time="0.154" classname="test.APIEumPUTTests"/>
  <testcase name="UpdateEumEumIdNotExists" time="0.147" classname="test.APIEumPUTTests"/>
  <testcase name="UpdateEumMissingEumIDAndName" time="0.099" classname="test.APIEumPUTTests"/>
  <testcase name="UpdateEumStandardRole" time="0.108" classname="test.APIEumPUTTests"/>
  <testcase name="UpdateEumInvalidAPIToken" time="0.121" classname="test.APIEumPUTTests"/>
  <testcase name="UpdateEumInvalidEumId" time="0.112" classname="test.APIEumPUTTests"/>
</testsuite> <!-- test.APIEumPUTTests -->
