<?xml version="1.0" encoding="UTF-8"?>
<!-- Generated by org.testng.reporters.JUnitReportReporter -->
<testsuite hostname="LAPTOP-TGO2J5N0" name="test.APIUProfileDELETETests" tests="9" failures="0" timestamp="27 May 2019 16:14:38 GMT" time="4.086" errors="0">
  <testcase name="DeleteUprofileWhenV1AndNotV2" time="0.107" classname="test.APIUProfileDELETETests"/>
  <testcase name="DeleteUprofileInvalidAPIToken" time="0.106" classname="test.APIUProfileDELETETests"/>
  <testcase name="DeleteUprofileMissingAPIToken" time="0.100" classname="test.APIUProfileDELETETests"/>
  <testcase name="DeleteMissingUprofile" time="3.041" classname="test.APIUProfileDELETETests"/>
  <testcase name="DeleteUprofileExists" time="0.307" classname="test.APIUProfileDELETETests"/>
  <testcase name="DeleteUprofileExistsCustomerOwnerRole" time="0.118" classname="test.APIUProfileDELETETests"/>
  <testcase name="DeleteUprofileExistsSuperAdminRole" time="0.101" classname="test.APIUProfileDELETETests"/>
  <testcase name="DeleteUprofileExistsAlphaNumeric" time="0.115" classname="test.APIUProfileDELETETests"/>
  <testcase name="DeleteUprofileInvalidParamName" time="0.091" classname="test.APIUProfileDELETETests"/>
</testsuite> <!-- test.APIUProfileDELETETests -->
