<?xml version="1.0" encoding="UTF-8"?>
<!-- Generated by org.testng.reporters.JUnitReportReporter -->
<testsuite hostname="LAPTOP-TGO2J5N0" name="api.PLCM.Master.PLCM_Collections" tests="1" failures="0" timestamp="7 Aug 2019 07:01:27 GMT" time="1.869" errors="0">
  <testcase name="SmEntityInfo" time="1.869" classname="api.PLCM.Master.PLCM_Collections"/>
</testsuite> <!-- api.PLCM.Master.PLCM_Collections -->
