<?xml version="1.0" encoding="UTF-8"?>
<!-- Generated by org.testng.reporters.JUnitReportReporter -->
<testsuite hostname="LAPTOP-TGO2J5N0" name="test.GetAllCustomersTests" tests="8" failures="0" timestamp="3 Jun 2019 12:26:14 GMT" time="2.427" errors="0">
  <testcase name="GetAllCustomers" time="1.883" classname="test.GetAllCustomersTests"/>
  <testcase name="GetAllCustomersMissingAPIToken" time="0.063" classname="test.GetAllCustomersTests"/>
  <testcase name="GetAllCustomersCustomerOwnerRole" time="0.091" classname="test.GetAllCustomersTests"/>
  <testcase name="GetAllCustomersInvalidAPIToken" time="0.086" classname="test.GetAllCustomersTests"/>
  <testcase name="GetAllCustomersInvalidParamName" time="0.064" classname="test.GetAllCustomersTests"/>
  <testcase name="GetAllCustomersStandardRole" time="0.083" classname="test.GetAllCustomersTests"/>
  <testcase name="GetAllCustomersNoCustomersInDb" time="0.057" classname="test.GetAllCustomersTests"/>
  <testcase name="GetAllCustomersAdminRole" time="0.100" classname="test.GetAllCustomersTests"/>
</testsuite> <!-- test.GetAllCustomersTests -->
