<?xml version="1.0" encoding="UTF-8"?>
<!-- Generated by org.testng.reporters.JUnitReportReporter -->
<testsuite hostname="LAPTOP-TGO2J5N0" name="test.APIPProfilePUTTests" tests="29" failures="0" timestamp="22 Jun 2019 19:56:06 GMT" time="4.400" errors="0">
  <testcase name="UpdatePProfileStandardRole" time="0.090" classname="test.APIPProfilePUTTests"/>
  <testcase name="UpdatePProfileCustomerOwnerRole" time="0.081" classname="test.APIPProfilePUTTests"/>
  <testcase name="UpdatePProfileInvalidDatagenSource" time="0.071" classname="test.APIPProfilePUTTests"/>
  <testcase name="UpdatePProfileInvalidPPLiveStatus" time="0.092" classname="test.APIPProfilePUTTests"/>
  <testcase name="UpdatePProfileMissingMsisdn" time="0.093" classname="test.APIPProfilePUTTests"/>
  <testcase name="UpdatePProfileMissingType" time="0.082" classname="test.APIPProfilePUTTests"/>
  <testcase name="UpdatePProfileInvalidMsisdn" time="0.094" classname="test.APIPProfilePUTTests"/>
  <testcase name="UpdatePProfileMissingSMDPId" time="0.089" classname="test.APIPProfilePUTTests"/>
  <testcase name="UpdatePProfileMissingIccid" time="0.085" classname="test.APIPProfilePUTTests"/>
  <testcase name="UpdatePProfileMissingCustomerId" time="0.090" classname="test.APIPProfilePUTTests"/>
  <testcase name="UpdatePProfileInvalidFallbackAttribute" time="0.069" classname="test.APIPProfilePUTTests"/>
  <testcase name="UpdatePProfile" time="1.853" classname="test.APIPProfilePUTTests"/>
  <testcase name="UpdatePProfileSuperAdminRole" time="0.097" classname="test.APIPProfilePUTTests"/>
  <testcase name="UpdatePProfileInvalidIccId" time="0.084" classname="test.APIPProfilePUTTests"/>
  <testcase name="UpdatePProfileMissingStorageEntity" time="0.088" classname="test.APIPProfilePUTTests"/>
  <testcase name="UpdatePProfileInvalidStorageEntity" time="0.090" classname="test.APIPProfilePUTTests"/>
  <testcase name="UpdatePProfileInvalidCustomerId" time="0.075" classname="test.APIPProfilePUTTests"/>
  <testcase name="UpdatePProfileMissingDatagenSource" time="0.093" classname="test.APIPProfilePUTTests"/>
  <testcase name="UpdatePProfileMissingPPLiveStatus" time="0.088" classname="test.APIPProfilePUTTests"/>
  <testcase name="UpdatePProfileNonRootCustomer" time="0.085" classname="test.APIPProfilePUTTests"/>
  <testcase name="UpdatePProfileMissingAPIToken" time="0.248" classname="test.APIPProfilePUTTests"/>
  <testcase name="UpdatePProfileMissingFallbackAttribute" time="0.093" classname="test.APIPProfilePUTTests"/>
  <testcase name="UpdatePProfileInvalidUPId" time="0.095" classname="test.APIPProfilePUTTests"/>
  <testcase name="UpdatePProfileAdminRole" time="0.078" classname="test.APIPProfilePUTTests"/>
  <testcase name="UpdatePProfileAlreadyExists" time="0.073" classname="test.APIPProfilePUTTests"/>
  <testcase name="UpdatePProfileInvalidAPIToken" time="0.060" classname="test.APIPProfilePUTTests"/>
  <testcase name="UpdatePProfileInvalidSMDPId" time="0.092" classname="test.APIPProfilePUTTests"/>
  <testcase name="UpdatePProfileInvalidType" time="0.089" classname="test.APIPProfilePUTTests"/>
  <testcase name="UpdatePProfileMissingUPId" time="0.083" classname="test.APIPProfilePUTTests"/>
</testsuite> <!-- test.APIPProfilePUTTests -->
