<?xml version="1.0" encoding="UTF-8"?>
<!-- Generated by org.testng.reporters.JUnitReportReporter -->
<testsuite hostname="LAPTOP-TGO2J5N0" name="api.PLCM.Scripts.DownloadProfile_SOAP_CL" tests="1" failures="0" timestamp="30 Aug 2019 15:01:50 GMT" time="3.715" errors="0">
  <testcase name="DownloadProfileByIccIdCLStandardRole" time="3.715" classname="api.PLCM.Scripts.DownloadProfile_SOAP_CL"/>
</testsuite> <!-- api.PLCM.Scripts.DownloadProfile_SOAP_CL -->
