<?xml version="1.0" encoding="UTF-8"?>
<!-- Generated by org.testng.reporters.JUnitReportReporter -->
<testsuite hostname="LAPTOP-TGO2J5N0" name="test.APIEumGETTests" tests="7" failures="0" timestamp="25 Jun 2019 13:31:49 GMT" time="3.759" errors="0">
  <testcase name="GetEumSuperAdminRole" time="0.126" classname="test.APIEumGETTests"/>
  <testcase name="GetEumV1AndNotV2" time="0.113" classname="test.APIEumGETTests"/>
  <testcase name="GetEumMissingAPIToken" time="0.133" classname="test.APIEumGETTests"/>
  <testcase name="GetEumStandardRole" time="0.108" classname="test.APIEumGETTests"/>
  <testcase name="GetEumCustomerOwnerRole" time="0.147" classname="test.APIEumGETTests"/>
  <testcase name="GetEumInvalidAPIToken" time="0.132" classname="test.APIEumGETTests"/>
  <testcase name="GetEumAdminRole" time="3.000" classname="test.APIEumGETTests"/>
</testsuite> <!-- test.APIEumGETTests -->
