<?xml version="1.0" encoding="UTF-8"?>
<!-- Generated by org.testng.reporters.JUnitReportReporter -->
<testsuite hostname="LAPTOP-TGO2J5N0" name="api.UpdatePolicyRules.UpdatePolicyRules" tests="1" failures="0" timestamp="1 Sep 2019 10:24:49 GMT" time="3.924" errors="0">
  <testcase name="UpdatePolicyRulesMissingAPIToken" time="3.924" classname="api.UpdatePolicyRules.UpdatePolicyRules"/>
</testsuite> <!-- api.UpdatePolicyRules.UpdatePolicyRules -->
