<?xml version="1.0" encoding="UTF-8"?>
<!-- Generated by org.testng.reporters.JUnitReportReporter -->
<testsuite hostname="LAPTOP-TGO2J5N0" name="api.PLCM.Scripts.APIEntityInfoPOSTTests" tests="22" failures="0" timestamp="12 Aug 2019 05:39:55 GMT" time="7.377" errors="0">
  <testcase name="CreateSmAPITokenMissing" time="2.618" classname="api.PLCM.Scripts.APIEntityInfoPOSTTests"/>
  <testcase name="CreateSmEntityTypeNotEnum" time="0.125" classname="api.PLCM.Scripts.APIEntityInfoPOSTTests"/>
  <testcase name="CreateSmInvalidAPIToken" time="2.286" classname="api.PLCM.Scripts.APIEntityInfoPOSTTests"/>
  <testcase name="CreateSmEntityIdMissing" time="0.042" classname="api.PLCM.Scripts.APIEntityInfoPOSTTests"/>
  <testcase name="CreateSmEntityProtocolMissing" time="0.076" classname="api.PLCM.Scripts.APIEntityInfoPOSTTests"/>
  <testcase name="CreateSmEntityUserNameMissing" time="0.267" classname="api.PLCM.Scripts.APIEntityInfoPOSTTests"/>
  <testcase name="CreateSmEntityIsClosedLoop" time="0.080" classname="api.PLCM.Scripts.APIEntityInfoPOSTTests"/>
  <testcase name="CreateSmPropsFileMoreThan40Chars" time="0.076" classname="api.PLCM.Scripts.APIEntityInfoPOSTTests"/>
  <testcase name="CreateSm_SuccessAdminRole" time="0.080" classname="api.PLCM.Scripts.APIEntityInfoPOSTTests"/>
  <testcase name="CreateSmEntityIsSmSr" time="0.086" classname="api.PLCM.Scripts.APIEntityInfoPOSTTests"/>
  <testcase name="CreateSmEntityAPITypeMissing" time="0.156" classname="api.PLCM.Scripts.APIEntityInfoPOSTTests"/>
  <testcase name="CreateSmEntityAddressMissing" time="0.043" classname="api.PLCM.Scripts.APIEntityInfoPOSTTests"/>
  <testcase name="CreateSm_SuccessStandardRole" time="0.089" classname="api.PLCM.Scripts.APIEntityInfoPOSTTests"/>
  <testcase name="CreateSm_Success" time="0.081" classname="api.PLCM.Scripts.APIEntityInfoPOSTTests"/>
  <testcase name="CreateSmEntityPasswordMissing" time="0.077" classname="api.PLCM.Scripts.APIEntityInfoPOSTTests"/>
  <testcase name="CreateSmEntityPortMissing" time="0.058" classname="api.PLCM.Scripts.APIEntityInfoPOSTTests"/>
  <testcase name="CreateSmAlreadyExists" time="0.738" classname="api.PLCM.Scripts.APIEntityInfoPOSTTests"/>
  <testcase name="CreateSmEntityPropertyFilePathMissing" time="0.073" classname="api.PLCM.Scripts.APIEntityInfoPOSTTests"/>
  <testcase name="CreateSmIncorrectURL" time="0.107" classname="api.PLCM.Scripts.APIEntityInfoPOSTTests"/>
  <testcase name="CreateSmEntityNameMissing" time="0.079" classname="api.PLCM.Scripts.APIEntityInfoPOSTTests"/>
  <testcase name="CreateSmEntitySupplierMissing" time="0.066" classname="api.PLCM.Scripts.APIEntityInfoPOSTTests"/>
  <testcase name="CreateSmEntityTypeMissing" time="0.074" classname="api.PLCM.Scripts.APIEntityInfoPOSTTests"/>
</testsuite> <!-- api.PLCM.Scripts.APIEntityInfoPOSTTests -->
