<?xml version="1.0" encoding="UTF-8"?>
<!-- Generated by org.testng.reporters.JUnitReportReporter -->
<testsuite hostname="LAPTOP-TGO2J5N0" name="api.DeleteProfile.DeleteProfile_SOAP_CL" tests="16" failures="1" timestamp="31 Aug 2019 17:43:00 GMT" time="7.536" errors="0">
  <testcase name="DeleteProfileCLInvalidICCID" time="0.068" classname="api.DeleteProfile.DeleteProfile_SOAP_CL"/>
  <testcase name="DeleteProfileCLInvalidEID" time="0.063" classname="api.DeleteProfile.DeleteProfile_SOAP_CL"/>
  <testcase name="DeleteProfileInvalidCallbackUsername" time="0.063" classname="api.DeleteProfile.DeleteProfile_SOAP_CL"/>
  <testcase name="DeleteProfileCLMissingAPIToken" time="0.150" classname="api.DeleteProfile.DeleteProfile_SOAP_CL"/>
  <testcase name="DeleteProfileCLInvalidCallbackPassword" time="0.079" classname="api.DeleteProfile.DeleteProfile_SOAP_CL"/>
  <testcase name="DeleteProfileCLMissingICCID" time="0.074" classname="api.DeleteProfile.DeleteProfile_SOAP_CL"/>
  <testcase name="DeleteProfileCLInvalidCallback" time="0.079" classname="api.DeleteProfile.DeleteProfile_SOAP_CL"/>
  <testcase name="DeleteProfileCLMissingCallback" time="0.063" classname="api.DeleteProfile.DeleteProfile_SOAP_CL"/>
  <testcase name="DeleteProfileCLSystemRole" time="0.492" classname="api.DeleteProfile.DeleteProfile_SOAP_CL"/>
  <testcase name="DeleteProfileMissingCallbackUsername" time="0.260" classname="api.DeleteProfile.DeleteProfile_SOAP_CL"/>
  <testcase name="DeleteProfileCLMissingCallbackPassword" time="0.058" classname="api.DeleteProfile.DeleteProfile_SOAP_CL"/>
  <testcase name="DeleteProfileCLStandardRole" time="0.498" classname="api.DeleteProfile.DeleteProfile_SOAP_CL"/>
  <testcase name="DeleteProfileCLSuccess" time="0.497" classname="api.DeleteProfile.DeleteProfile_SOAP_CL">
    <failure type="java.lang.AssertionError" message="expected [202] but found [401]">
      <![CDATA[java.lang.AssertionError: expected [202] but found [401]
	at org.testng.Assert.fail(Assert.java:94)
	at org.testng.Assert.failNotEquals(Assert.java:513)
	at org.testng.Assert.assertEqualsImpl(Assert.java:135)
	at org.testng.Assert.assertEquals(Assert.java:116)
	at org.testng.Assert.assertEquals(Assert.java:389)
	at org.testng.Assert.assertEquals(Assert.java:399)
	at api.DeleteProfile.DeleteProfile_SOAP_CL.DeleteProfileCLSuccess(DeleteProfile_SOAP_CL.java:46)
	at sun.reflect.NativeMethodAccessorImpl.invoke0(Native Method)
	at sun.reflect.NativeMethodAccessorImpl.invoke(Unknown Source)
	at sun.reflect.DelegatingMethodAccessorImpl.invoke(Unknown Source)
	at java.lang.reflect.Method.invoke(Unknown Source)
	at org.testng.internal.MethodInvocationHelper.invokeMethod(MethodInvocationHelper.java:86)
	at org.testng.internal.Invoker.invokeMethod(Invoker.java:645)
	at org.testng.internal.Invoker.invokeTestMethod(Invoker.java:822)
	at org.testng.internal.Invoker.invokeTestMethods(Invoker.java:1130)
	at org.testng.internal.TestMethodWorker.invokeTestMethods(TestMethodWorker.java:129)
	at org.testng.internal.TestMethodWorker.run(TestMethodWorker.java:112)
	at org.testng.TestRunner.privateRun(TestRunner.java:782)
	at org.testng.TestRunner.run(TestRunner.java:632)
	at org.testng.SuiteRunner.runTest(SuiteRunner.java:366)
	at org.testng.SuiteRunner.runSequentially(SuiteRunner.java:361)
	at org.testng.SuiteRunner.privateRun(SuiteRunner.java:319)
	at org.testng.SuiteRunner.run(SuiteRunner.java:268)
	at org.testng.SuiteRunnerWorker.runSuite(SuiteRunnerWorker.java:52)
	at org.testng.SuiteRunnerWorker.run(SuiteRunnerWorker.java:86)
	at org.testng.TestNG.runSuitesSequentially(TestNG.java:1244)
	at org.testng.TestNG.runSuitesLocally(TestNG.java:1169)
	at org.testng.TestNG.run(TestNG.java:1064)
	at org.testng.remote.RemoteTestNG.run(RemoteTestNG.java:113)
	at org.testng.remote.RemoteTestNG.initAndRun(RemoteTestNG.java:206)
	at org.testng.remote.RemoteTestNG.main(RemoteTestNG.java:177)
]]>
    </failure>
  </testcase> <!-- DeleteProfileCLSuccess -->
  <testcase name="DeleteProfileCLMissingEID" time="0.064" classname="api.DeleteProfile.DeleteProfile_SOAP_CL"/>
  <testcase name="DeleteProfileCLInvalidAPIToken" time="0.143" classname="api.DeleteProfile.DeleteProfile_SOAP_CL"/>
  <testcase name="DeleteProfileCLAdminRole" time="4.885" classname="api.DeleteProfile.DeleteProfile_SOAP_CL"/>
</testsuite> <!-- api.DeleteProfile.DeleteProfile_SOAP_CL -->
