<?xml version="1.0" encoding="UTF-8"?>
<!-- Generated by org.testng.reporters.JUnitReportReporter -->
<testsuite hostname="LAPTOP-TGO2J5N0" name="api.DisableProfile.DisableProfile_SOAP" tests="21" failures="1" timestamp="31 Aug 2019 07:40:10 GMT" time="9.446" errors="0">
  <testcase name="DisableProfileSOAPInvalidCallbackUsername" time="0.059" classname="api.DisableProfile.DisableProfile_SOAP"/>
  <testcase name="DisableProfileSOAPInvalidEID" time="0.053" classname="api.DisableProfile.DisableProfile_SOAP"/>
  <testcase name="DisableProfileSOAPInvalidCallbackURL" time="0.057" classname="api.DisableProfile.DisableProfile_SOAP"/>
  <testcase name="DisableProfileSOAPInvalidAPIToken" time="0.125" classname="api.DisableProfile.DisableProfile_SOAP"/>
  <testcase name="DisableProfileSOAPAdminRole" time="0.669" classname="api.DisableProfile.DisableProfile_SOAP"/>
  <testcase name="DisableProfileSOAPMissingICCID" time="0.048" classname="api.DisableProfile.DisableProfile_SOAP"/>
  <testcase name="DisableProfileSOAPSystemRole" time="0.388" classname="api.DisableProfile.DisableProfile_SOAP"/>
  <testcase name="DisableProfileSOAPInvalidCallbackPassword" time="0.055" classname="api.DisableProfile.DisableProfile_SOAP"/>
  <testcase name="DisableProfileSOAPMissingAPIToken" time="0.110" classname="api.DisableProfile.DisableProfile_SOAP"/>
  <testcase name="DisableProfileSOAP" time="4.576" classname="api.DisableProfile.DisableProfile_SOAP">
    <failure type="java.lang.AssertionError" message="expected [202] but found [401]">
      <![CDATA[java.lang.AssertionError: expected [202] but found [401]
	at org.testng.Assert.fail(Assert.java:94)
	at org.testng.Assert.failNotEquals(Assert.java:513)
	at org.testng.Assert.assertEqualsImpl(Assert.java:135)
	at org.testng.Assert.assertEquals(Assert.java:116)
	at org.testng.Assert.assertEquals(Assert.java:389)
	at org.testng.Assert.assertEquals(Assert.java:399)
	at api.DisableProfile.DisableProfile_SOAP.DisableProfileSOAP(DisableProfile_SOAP.java:46)
	at sun.reflect.NativeMethodAccessorImpl.invoke0(Native Method)
	at sun.reflect.NativeMethodAccessorImpl.invoke(Unknown Source)
	at sun.reflect.DelegatingMethodAccessorImpl.invoke(Unknown Source)
	at java.lang.reflect.Method.invoke(Unknown Source)
	at org.testng.internal.MethodInvocationHelper.invokeMethod(MethodInvocationHelper.java:86)
	at org.testng.internal.Invoker.invokeMethod(Invoker.java:645)
	at org.testng.internal.Invoker.invokeTestMethod(Invoker.java:822)
	at org.testng.internal.Invoker.invokeTestMethods(Invoker.java:1130)
	at org.testng.internal.TestMethodWorker.invokeTestMethods(TestMethodWorker.java:129)
	at org.testng.internal.TestMethodWorker.run(TestMethodWorker.java:112)
	at org.testng.TestRunner.privateRun(TestRunner.java:782)
	at org.testng.TestRunner.run(TestRunner.java:632)
	at org.testng.SuiteRunner.runTest(SuiteRunner.java:366)
	at org.testng.SuiteRunner.runSequentially(SuiteRunner.java:361)
	at org.testng.SuiteRunner.privateRun(SuiteRunner.java:319)
	at org.testng.SuiteRunner.run(SuiteRunner.java:268)
	at org.testng.SuiteRunnerWorker.runSuite(SuiteRunnerWorker.java:52)
	at org.testng.SuiteRunnerWorker.run(SuiteRunnerWorker.java:86)
	at org.testng.TestNG.runSuitesSequentially(TestNG.java:1244)
	at org.testng.TestNG.runSuitesLocally(TestNG.java:1169)
	at org.testng.TestNG.run(TestNG.java:1064)
	at org.testng.remote.RemoteTestNG.run(RemoteTestNG.java:113)
	at org.testng.remote.RemoteTestNG.initAndRun(RemoteTestNG.java:206)
	at org.testng.remote.RemoteTestNG.main(RemoteTestNG.java:177)
]]>
    </failure>
  </testcase> <!-- DisableProfileSOAP -->
  <testcase name="DisableProfileSOAPStandardRole" time="0.402" classname="api.DisableProfile.DisableProfile_SOAP"/>
  <testcase name="DisableProfileSOAPMissingCallbackURL" time="0.059" classname="api.DisableProfile.DisableProfile_SOAP"/>
  <testcase name="DisableProfileSOAPDownloadDisabledInQuarantineTrue" time="0.460" classname="api.DisableProfile.DisableProfile_SOAP"/>
  <testcase name="DisableProfileSOAPMissingCallbackPassword" time="0.048" classname="api.DisableProfile.DisableProfile_SOAP"/>
  <testcase name="DisableProfileSOAPNotDownloaded" time="0.407" classname="api.DisableProfile.DisableProfile_SOAP"/>
  <testcase name="DisableProfileSOAPNotDownloadedInQuarantine" time="0.402" classname="api.DisableProfile.DisableProfile_SOAP"/>
  <testcase name="DisableProfileSOAPMissingEID" time="0.251" classname="api.DisableProfile.DisableProfile_SOAP"/>
  <testcase name="DisableProfileSOAPInvalidICCID" time="0.052" classname="api.DisableProfile.DisableProfile_SOAP"/>
  <testcase name="DisableProfileSOAPDownloadDisabled" time="0.707" classname="api.DisableProfile.DisableProfile_SOAP"/>
  <testcase name="DisableProfileSOAPMissingCallbackUsername" time="0.075" classname="api.DisableProfile.DisableProfile_SOAP"/>
  <testcase name="DisableProfileSOAPDownloadEnabledInQuarantineTrue" time="0.443" classname="api.DisableProfile.DisableProfile_SOAP"/>
</testsuite> <!-- api.DisableProfile.DisableProfile_SOAP -->
