<?xml version="1.0" encoding="UTF-8"?>
<!-- Generated by org.testng.reporters.JUnitReportReporter -->
<testsuite hostname="LAPTOP-TGO2J5N0" name="test.APIEntityInfoDELETETests" tests="10" failures="0" timestamp="27 May 2019 16:02:21 GMT" time="4.963" errors="0">
  <testcase name="DeleteWhenMissingAPIToken" time="0.123" classname="test.APIEntityInfoDELETETests"/>
  <testcase name="DeleteWhenNoEntityExists" time="0.125" classname="test.APIEntityInfoDELETETests"/>
  <testcase name="DeleteEntityV1andnotV2" time="0.145" classname="test.APIEntityInfoDELETETests"/>
  <testcase name="DeleteEntityIdExists" time="3.321" classname="test.APIEntityInfoDELETETests"/>
  <testcase name="DeleteWhenInvalidURL" time="0.147" classname="test.APIEntityInfoDELETETests"/>
  <testcase name="DeleteEntityIdExistsCustomerOwnerRole" time="0.200" classname="test.APIEntityInfoDELETETests"/>
  <testcase name="DeleteEntityIdExistsStandardRole" time="0.135" classname="test.APIEntityInfoDELETETests"/>
  <testcase name="DeleteEntityIdExistsAlphaNumeric" time="0.170" classname="test.APIEntityInfoDELETETests"/>
  <testcase name="DeleteWhenInvalidAPIToken" time="0.470" classname="test.APIEntityInfoDELETETests"/>
  <testcase name="DeleteEntityIdExistsAdminRole" time="0.127" classname="test.APIEntityInfoDELETETests"/>
</testsuite> <!-- test.APIEntityInfoDELETETests -->
