<?xml version="1.0" encoding="UTF-8"?>
<!-- Generated by org.testng.reporters.JUnitReportReporter -->
<testsuite hostname="LAPTOP-TGO2J5N0" name="api.PLCM.Scripts.APIUProfilePOSTTests" tests="30" failures="0" timestamp="13 Aug 2019 17:00:11 GMT" time="4.367" errors="0">
  <testcase name="CreateUprofileUpTypeMissing" time="0.044" classname="api.PLCM.Scripts.APIUProfilePOSTTests"/>
  <testcase name="CreateUprofileInvalidUPStatus" time="0.053" classname="api.PLCM.Scripts.APIUProfilePOSTTests"/>
  <testcase name="CreateUprofileMissingAPIToken" time="0.267" classname="api.PLCM.Scripts.APIUProfilePOSTTests"/>
  <testcase name="CreateUprofileWithSameNameAndId" time="0.059" classname="api.PLCM.Scripts.APIUProfilePOSTTests"/>
  <testcase name="CreateUprofileUpStatusMissing" time="0.045" classname="api.PLCM.Scripts.APIUProfilePOSTTests"/>
  <testcase name="CreateUprofileInvalidMoveVersion" time="0.061" classname="api.PLCM.Scripts.APIUProfilePOSTTests"/>
  <testcase name="CreateUprofileAlphaNumericUpId" time="0.081" classname="api.PLCM.Scripts.APIUProfilePOSTTests"/>
  <testcase name="CreateUprofileParamMoreThan40Chars" time="0.051" classname="api.PLCM.Scripts.APIUProfilePOSTTests"/>
  <testcase name="CreateUprofilePpSizeMissing" time="0.044" classname="api.PLCM.Scripts.APIUProfilePOSTTests"/>
  <testcase name="CreateUprofileUpIdMissing" time="0.046" classname="api.PLCM.Scripts.APIUProfilePOSTTests"/>
  <testcase name="CreateUprofileSuperAdminRole" time="0.058" classname="api.PLCM.Scripts.APIUProfilePOSTTests"/>
  <testcase name="CreateUprofileInvalidQuarantineTime" time="0.063" classname="api.PLCM.Scripts.APIUProfilePOSTTests"/>
  <testcase name="CreateUprofileCustomerOwnerRole" time="0.076" classname="api.PLCM.Scripts.APIUProfilePOSTTests"/>
  <testcase name="CreateUprofileInvalidUPId" time="0.054" classname="api.PLCM.Scripts.APIUProfilePOSTTests"/>
  <testcase name="CreateUprofileAdminRole" time="0.104" classname="api.PLCM.Scripts.APIUProfilePOSTTests"/>
  <testcase name="CreateUprofileUpNameMissing" time="0.048" classname="api.PLCM.Scripts.APIUProfilePOSTTests"/>
  <testcase name="CreateUprofileInvalidUPVersion" time="0.063" classname="api.PLCM.Scripts.APIUProfilePOSTTests"/>
  <testcase name="CreateUprofile" time="2.452" classname="api.PLCM.Scripts.APIUProfilePOSTTests"/>
  <testcase name="CreateUprofileUpStatusUnderTest" time="0.054" classname="api.PLCM.Scripts.APIUProfilePOSTTests"/>
  <testcase name="CreateUprofileInvalidURL" time="0.057" classname="api.PLCM.Scripts.APIUProfilePOSTTests"/>
  <testcase name="CreateUprofileExists" time="0.056" classname="api.PLCM.Scripts.APIUProfilePOSTTests"/>
  <testcase name="CreateUprofileInvalidAPIToken" time="0.132" classname="api.PLCM.Scripts.APIUProfilePOSTTests"/>
  <testcase name="CreateUprofileUpStatusNonEnum" time="0.040" classname="api.PLCM.Scripts.APIUProfilePOSTTests"/>
  <testcase name="CreateUprofileUpVersionMissing" time="0.048" classname="api.PLCM.Scripts.APIUProfilePOSTTests"/>
  <testcase name="CreateUprofileQuarantineTimeMissing" time="0.058" classname="api.PLCM.Scripts.APIUProfilePOSTTests"/>
  <testcase name="CreateUprofileMoveVersionMissing" time="0.050" classname="api.PLCM.Scripts.APIUProfilePOSTTests"/>
  <testcase name="CreateUprofileInvalidUPName" time="0.054" classname="api.PLCM.Scripts.APIUProfilePOSTTests"/>
  <testcase name="CreateUprofileInvalidPPSize" time="0.053" classname="api.PLCM.Scripts.APIUProfilePOSTTests"/>
  <testcase name="CreateUprofileInvalidUPType" time="0.047" classname="api.PLCM.Scripts.APIUProfilePOSTTests"/>
  <testcase name="CreateUprofileUpStatusInternal" time="0.049" classname="api.PLCM.Scripts.APIUProfilePOSTTests"/>
</testsuite> <!-- api.PLCM.Scripts.APIUProfilePOSTTests -->
