<?xml version="1.0" encoding="UTF-8"?>
<!-- Generated by org.testng.reporters.JUnitReportReporter -->
<testsuite hostname="LAPTOP-TGO2J5N0" name="api.PLCM.Scripts.APIEntityInfoPOSTTests" tests="22" failures="0" timestamp="11 Aug 2019 11:43:06 GMT" time="4.041" errors="0">
  <testcase name="CreateSmEntityIsClosedLoop" time="0.049" classname="api.PLCM.Scripts.APIEntityInfoPOSTTests"/>
  <testcase name="CreateSmEntityIdMissing" time="0.037" classname="api.PLCM.Scripts.APIEntityInfoPOSTTests"/>
  <testcase name="CreateSmEntityUserNameMissing" time="0.163" classname="api.PLCM.Scripts.APIEntityInfoPOSTTests"/>
  <testcase name="CreateSmIncorrectURL" time="0.084" classname="api.PLCM.Scripts.APIEntityInfoPOSTTests"/>
  <testcase name="CreateSm_SuccessStandardRole" time="0.057" classname="api.PLCM.Scripts.APIEntityInfoPOSTTests"/>
  <testcase name="CreateSmPropsFileMoreThan40Chars" time="0.057" classname="api.PLCM.Scripts.APIEntityInfoPOSTTests"/>
  <testcase name="CreateSmEntityIsSmSr" time="0.047" classname="api.PLCM.Scripts.APIEntityInfoPOSTTests"/>
  <testcase name="CreateSmInvalidAPIToken" time="0.998" classname="api.PLCM.Scripts.APIEntityInfoPOSTTests"/>
  <testcase name="CreateSmEntityPropertyFilePathMissing" time="0.036" classname="api.PLCM.Scripts.APIEntityInfoPOSTTests"/>
  <testcase name="CreateSmAlreadyExists" time="0.071" classname="api.PLCM.Scripts.APIEntityInfoPOSTTests"/>
  <testcase name="CreateSmEntityAPITypeMissing" time="0.044" classname="api.PLCM.Scripts.APIEntityInfoPOSTTests"/>
  <testcase name="CreateSmEntityTypeNotEnum" time="0.054" classname="api.PLCM.Scripts.APIEntityInfoPOSTTests"/>
  <testcase name="CreateSm_SuccessAdminRole" time="0.061" classname="api.PLCM.Scripts.APIEntityInfoPOSTTests"/>
  <testcase name="CreateSmEntityPasswordMissing" time="0.030" classname="api.PLCM.Scripts.APIEntityInfoPOSTTests"/>
  <testcase name="CreateSmEntityAddressMissing" time="0.037" classname="api.PLCM.Scripts.APIEntityInfoPOSTTests"/>
  <testcase name="CreateSmEntityNameMissing" time="0.054" classname="api.PLCM.Scripts.APIEntityInfoPOSTTests"/>
  <testcase name="CreateSmEntityProtocolMissing" time="0.046" classname="api.PLCM.Scripts.APIEntityInfoPOSTTests"/>
  <testcase name="CreateSmEntityTypeMissing" time="0.038" classname="api.PLCM.Scripts.APIEntityInfoPOSTTests"/>
  <testcase name="CreateSmEntityPortMissing" time="0.037" classname="api.PLCM.Scripts.APIEntityInfoPOSTTests"/>
  <testcase name="CreateSm_Success" time="0.055" classname="api.PLCM.Scripts.APIEntityInfoPOSTTests"/>
  <testcase name="CreateSmAPITokenMissing" time="1.935" classname="api.PLCM.Scripts.APIEntityInfoPOSTTests"/>
  <testcase name="CreateSmEntitySupplierMissing" time="0.051" classname="api.PLCM.Scripts.APIEntityInfoPOSTTests"/>
</testsuite> <!-- api.PLCM.Scripts.APIEntityInfoPOSTTests -->
