<?xml version="1.0" encoding="UTF-8"?>
<!-- Generated by org.testng.reporters.JUnitReportReporter -->
<testsuite hostname="LAPTOP-TGO2J5N0" name="test.APIUProfilePUTTests" tests="1" failures="0" timestamp="27 May 2019 17:25:49 GMT" time="3.598" errors="0">
  <testcase name="UpdateUprofileUpNameMissing" time="3.598" classname="test.APIUProfilePUTTests"/>
</testsuite> <!-- test.APIUProfilePUTTests -->
