<?xml version="1.0" encoding="UTF-8"?>
<!-- Generated by org.testng.reporters.JUnitReportReporter -->
<testsuite hostname="LAPTOP-TGO2J5N0" name="api.PLCM.Scripts.DownloadProfile_SOAP_GSMA_ES2DownloadProfileByICCID" tests="1" failures="0" timestamp="30 Aug 2019 09:10:58 GMT" time="4.307" errors="0">
  <testcase name="DownloadProfileSOAPMissingAPIToken" time="4.307" classname="api.PLCM.Scripts.DownloadProfile_SOAP_GSMA_ES2DownloadProfileByICCID"/>
</testsuite> <!-- api.PLCM.Scripts.DownloadProfile_SOAP_GSMA_ES2DownloadProfileByICCID -->
