<?xml version="1.0" encoding="UTF-8"?>
<!-- Generated by org.testng.reporters.JUnitReportReporter -->
<testsuite hostname="LAPTOP-TGO2J5N0" name="api.EnableProfile.EnableProfile_SOAP_GSMA" tests="1" failures="0" timestamp="30 Aug 2019 16:59:22 GMT" time="3.382" errors="0">
  <testcase name="EnableProfileSOAPMissingCallbackUsername" time="3.382" classname="api.EnableProfile.EnableProfile_SOAP_GSMA"/>
</testsuite> <!-- api.EnableProfile.EnableProfile_SOAP_GSMA -->
