<?xml version="1.0" encoding="UTF-8"?>
<!-- Generated by org.testng.reporters.JUnitReportReporter -->
<testsuite hostname="LAPTOP-TGO2J5N0" name="test.APIEntityInfo" tests="3" failures="0" timestamp="13 May 2019 13:38:11 GMT" time="3.601" errors="0">
  <testcase name="GetSMSuccess2" time="0.047" classname="test.APIEntityInfo"/>
  <testcase name="GetSMSuccess" time="3.492" classname="test.APIEntityInfo"/>
  <testcase name="GetSMSuccess1" time="0.062" classname="test.APIEntityInfo"/>
</testsuite> <!-- test.APIEntityInfo -->
