<?xml version="1.0" encoding="UTF-8"?>
<!-- Generated by org.testng.reporters.JUnitReportReporter -->
<testsuite hostname="LAPTOP-TGO2J5N0" name="api.PLCM.Scripts.GetPProfileByCid" tests="9" failures="1" timestamp="21 Aug 2019 17:21:03 GMT" time="5.385" errors="0">
  <testcase name="GetPProfileByCidMissingAPIToken" time="1.379" classname="api.PLCM.Scripts.GetPProfileByCid"/>
  <testcase name="GetPProfileByCidNoProfilesInDb" time="0.082" classname="api.PLCM.Scripts.GetPProfileByCid"/>
  <testcase name="GetPProfileByCidTableNotExists" time="0.090" classname="api.PLCM.Scripts.GetPProfileByCid">
    <failure type="java.lang.AssertionError" message="Correct status code expected [400] but found [200]">
      <![CDATA[java.lang.AssertionError: Correct status code expected [400] but found [200]
	at org.testng.Assert.fail(Assert.java:94)
	at org.testng.Assert.failNotEquals(Assert.java:513)
	at org.testng.Assert.assertEqualsImpl(Assert.java:135)
	at org.testng.Assert.assertEquals(Assert.java:116)
	at org.testng.Assert.assertEquals(Assert.java:389)
	at api.PLCM.Scripts.GetPProfileByCid.GetPProfileByCidTableNotExists(GetPProfileByCid.java:73)
	at sun.reflect.NativeMethodAccessorImpl.invoke0(Native Method)
	at sun.reflect.NativeMethodAccessorImpl.invoke(Unknown Source)
	at sun.reflect.DelegatingMethodAccessorImpl.invoke(Unknown Source)
	at java.lang.reflect.Method.invoke(Unknown Source)
	at org.testng.internal.MethodInvocationHelper.invokeMethod(MethodInvocationHelper.java:86)
	at org.testng.internal.Invoker.invokeMethod(Invoker.java:645)
	at org.testng.internal.Invoker.invokeTestMethod(Invoker.java:822)
	at org.testng.internal.Invoker.invokeTestMethods(Invoker.java:1130)
	at org.testng.internal.TestMethodWorker.invokeTestMethods(TestMethodWorker.java:129)
	at org.testng.internal.TestMethodWorker.run(TestMethodWorker.java:112)
	at org.testng.TestRunner.privateRun(TestRunner.java:782)
	at org.testng.TestRunner.run(TestRunner.java:632)
	at org.testng.SuiteRunner.runTest(SuiteRunner.java:366)
	at org.testng.SuiteRunner.runSequentially(SuiteRunner.java:361)
	at org.testng.SuiteRunner.privateRun(SuiteRunner.java:319)
	at org.testng.SuiteRunner.run(SuiteRunner.java:268)
	at org.testng.SuiteRunnerWorker.runSuite(SuiteRunnerWorker.java:52)
	at org.testng.SuiteRunnerWorker.run(SuiteRunnerWorker.java:86)
	at org.testng.TestNG.runSuitesSequentially(TestNG.java:1244)
	at org.testng.TestNG.runSuitesLocally(TestNG.java:1169)
	at org.testng.TestNG.run(TestNG.java:1064)
	at org.testng.remote.RemoteTestNG.run(RemoteTestNG.java:113)
	at org.testng.remote.RemoteTestNG.initAndRun(RemoteTestNG.java:206)
	at org.testng.remote.RemoteTestNG.main(RemoteTestNG.java:177)
]]>
    </failure>
  </testcase> <!-- GetPProfileByCidTableNotExists -->
  <testcase name="GetPProfileByCidSuperAdminRole" time="0.078" classname="api.PLCM.Scripts.GetPProfileByCid"/>
  <testcase name="GetPProfileByCidAdminRole" time="2.025" classname="api.PLCM.Scripts.GetPProfileByCid"/>
  <testcase name="GetPProfileByCidInvalidAPIToken" time="1.283" classname="api.PLCM.Scripts.GetPProfileByCid"/>
  <testcase name="GetPProfileByCidV1AndNotV2" time="0.054" classname="api.PLCM.Scripts.GetPProfileByCid"/>
  <testcase name="GetPprofileByCid" time="0.069" classname="api.PLCM.Scripts.GetPProfileByCid"/>
  <testcase name="GetPProfileByCidSystemRole" time="0.325" classname="api.PLCM.Scripts.GetPProfileByCid"/>
</testsuite> <!-- api.PLCM.Scripts.GetPProfileByCid -->
