<?xml version="1.0" encoding="UTF-8"?>
<!-- Generated by org.testng.reporters.JUnitReportReporter -->
<testsuite hostname="LAPTOP-TGO2J5N0" name="test.APIEntityInfoPOSTTests" tests="23" failures="0" timestamp="27 May 2019 17:30:10 GMT" time="6.278" errors="0">
  <testcase name="CreateSmEntityNameMissing" time="0.098" classname="test.APIEntityInfoPOSTTests"/>
  <testcase name="CreateSmEntityTypeNotEnum" time="0.115" classname="test.APIEntityInfoPOSTTests"/>
  <testcase name="CreateSm_SuccessAdminRole" time="0.106" classname="test.APIEntityInfoPOSTTests"/>
  <testcase name="CreateSmEntityIsSmSr" time="0.098" classname="test.APIEntityInfoPOSTTests"/>
  <testcase name="CreateSm_Success" time="0.106" classname="test.APIEntityInfoPOSTTests"/>
  <testcase name="CreateSmIncorrectURL" time="0.355" classname="test.APIEntityInfoPOSTTests"/>
  <testcase name="CreateSmEntityIdMissing" time="0.094" classname="test.APIEntityInfoPOSTTests"/>
  <testcase name="CreateSmEntityIsClosedLoop" time="0.121" classname="test.APIEntityInfoPOSTTests"/>
  <testcase name="CreateSm_SuccessCustomerOwnerRole" time="0.105" classname="test.APIEntityInfoPOSTTests"/>
  <testcase name="CreateSmEntityAPITypeMissing" time="0.114" classname="test.APIEntityInfoPOSTTests"/>
  <testcase name="CreateSmEntityProtocolMissing" time="0.107" classname="test.APIEntityInfoPOSTTests"/>
  <testcase name="CreateSmInvalidAPIToken" time="0.093" classname="test.APIEntityInfoPOSTTests"/>
  <testcase name="CreateSmEntityPropertyFilePathMissing" time="0.102" classname="test.APIEntityInfoPOSTTests"/>
  <testcase name="CreateSmPropsFileMoreThan40Chars" time="0.095" classname="test.APIEntityInfoPOSTTests"/>
  <testcase name="CreateSmEntityPasswordMissing" time="0.155" classname="test.APIEntityInfoPOSTTests"/>
  <testcase name="CreateSmAPITokenMissing" time="3.400" classname="test.APIEntityInfoPOSTTests"/>
  <testcase name="CreateSmEntityPortMissing" time="0.144" classname="test.APIEntityInfoPOSTTests"/>
  <testcase name="CreateSmEntitySupplierMissing" time="0.107" classname="test.APIEntityInfoPOSTTests"/>
  <testcase name="CreateSmEntityAddressMissing" time="0.109" classname="test.APIEntityInfoPOSTTests"/>
  <testcase name="CreateSmAlreadyExists" time="0.170" classname="test.APIEntityInfoPOSTTests"/>
  <testcase name="CreateSmEntityTypeMissing" time="0.103" classname="test.APIEntityInfoPOSTTests"/>
  <testcase name="CreateSmEntityUserNameMissing" time="0.274" classname="test.APIEntityInfoPOSTTests"/>
  <testcase name="CreateSm_SuccessStandardRole" time="0.107" classname="test.APIEntityInfoPOSTTests"/>
</testsuite> <!-- test.APIEntityInfoPOSTTests -->
