<?xml version="1.0" encoding="UTF-8"?>
<!-- Generated by org.testng.reporters.JUnitReportReporter -->
<testsuite hostname="LAPTOP-TGO2J5N0" name="api.PLCM.Scripts.APIEntityInfoPUTTests" tests="22" failures="0" timestamp="11 Aug 2019 11:43:27 GMT" time="3.514" errors="0">
  <testcase name="UpdateSmEntityNameMissing" time="0.059" classname="api.PLCM.Scripts.APIEntityInfoPUTTests"/>
  <testcase name="UpdateSmEntitySupplierMissing" time="0.059" classname="api.PLCM.Scripts.APIEntityInfoPUTTests"/>
  <testcase name="UpdateSmEntityIdMissing" time="0.065" classname="api.PLCM.Scripts.APIEntityInfoPUTTests"/>
  <testcase name="UpdateSmAlreadyExists" time="0.059" classname="api.PLCM.Scripts.APIEntityInfoPUTTests"/>
  <testcase name="UpdateSmAdminRole" time="0.089" classname="api.PLCM.Scripts.APIEntityInfoPUTTests"/>
  <testcase name="UpdateSmEntityPortMissing" time="0.086" classname="api.PLCM.Scripts.APIEntityInfoPUTTests"/>
  <testcase name="UpdateSmEntityAPITypeMissing" time="0.070" classname="api.PLCM.Scripts.APIEntityInfoPUTTests"/>
  <testcase name="UpdateSm_Success" time="0.058" classname="api.PLCM.Scripts.APIEntityInfoPUTTests"/>
  <testcase name="UpdateSmEntityPasswordMissing" time="0.113" classname="api.PLCM.Scripts.APIEntityInfoPUTTests"/>
  <testcase name="UpdateSmPropsFileMoreThan40Chars" time="0.062" classname="api.PLCM.Scripts.APIEntityInfoPUTTests"/>
  <testcase name="UpdateSmEntityIsClosedLoop" time="0.071" classname="api.PLCM.Scripts.APIEntityInfoPUTTests"/>
  <testcase name="UpdateSmInvalidAPIToken" time="0.121" classname="api.PLCM.Scripts.APIEntityInfoPUTTests"/>
  <testcase name="UpdateSmEntityIsSmSr" time="0.072" classname="api.PLCM.Scripts.APIEntityInfoPUTTests"/>
  <testcase name="UpdateSmEntityPropertyFilePathMissing" time="0.106" classname="api.PLCM.Scripts.APIEntityInfoPUTTests"/>
  <testcase name="UpdateSmEntityTypeMissing" time="0.065" classname="api.PLCM.Scripts.APIEntityInfoPUTTests"/>
  <testcase name="UpdateSmIncorrectURL" time="0.055" classname="api.PLCM.Scripts.APIEntityInfoPUTTests"/>
  <testcase name="UpdateSmAPITokenMissing" time="1.831" classname="api.PLCM.Scripts.APIEntityInfoPUTTests"/>
  <testcase name="UpdateSmEntityAddressMissing" time="0.065" classname="api.PLCM.Scripts.APIEntityInfoPUTTests"/>
  <testcase name="UpdateSmEntityTypeNotEnum" time="0.226" classname="api.PLCM.Scripts.APIEntityInfoPUTTests"/>
  <testcase name="UpdateSmStandardRole" time="0.066" classname="api.PLCM.Scripts.APIEntityInfoPUTTests"/>
  <testcase name="UpdateSmEntityProtocolMissing" time="0.054" classname="api.PLCM.Scripts.APIEntityInfoPUTTests"/>
  <testcase name="UpdateSmEntityUserNameMissing" time="0.062" classname="api.PLCM.Scripts.APIEntityInfoPUTTests"/>
</testsuite> <!-- api.PLCM.Scripts.APIEntityInfoPUTTests -->
