<?xml version="1.0" encoding="UTF-8"?>
<!-- Generated by org.testng.reporters.JUnitReportReporter -->
<testsuite hostname="LAPTOP-TGO2J5N0" name="test.RestAPIs" tests="1" failures="0" timestamp="23 May 2019 12:44:42 GMT" time="3.619" errors="0">
  <testcase name="Get" time="3.619" classname="test.RestAPIs"/>
</testsuite> <!-- test.RestAPIs -->
