<?xml version="1.0" encoding="UTF-8"?>
<!-- Generated by org.testng.reporters.JUnitReportReporter -->
<testsuite hostname="LAPTOP-TGO2J5N0" name="test.APIEntityInfoPUTTests" tests="23" failures="0" timestamp="2 Jun 2019 14:12:23 GMT" time="5.405" errors="0">
  <testcase name="UpdateSmEntityProtocolMissing" time="0.080" classname="test.APIEntityInfoPUTTests"/>
  <testcase name="UpdateSmEntityAPITypeMissing" time="0.096" classname="test.APIEntityInfoPUTTests"/>
  <testcase name="UpdateSmEntityTypeMissing" time="0.260" classname="test.APIEntityInfoPUTTests"/>
  <testcase name="UpdateSmEntityPortMissing" time="0.081" classname="test.APIEntityInfoPUTTests"/>
  <testcase name="UpdateSmEntitySupplierMissing" time="0.092" classname="test.APIEntityInfoPUTTests"/>
  <testcase name="UpdateSmInvalidAPIToken" time="0.088" classname="test.APIEntityInfoPUTTests"/>
  <testcase name="UpdateSmEntityUserNameMissing" time="0.088" classname="test.APIEntityInfoPUTTests"/>
  <testcase name="UpdateSmEntityPropertyFilePathMissing" time="0.088" classname="test.APIEntityInfoPUTTests"/>
  <testcase name="UpdateSmIncorrectURL" time="0.084" classname="test.APIEntityInfoPUTTests"/>
  <testcase name="UpdateSmEntityIsSmSr" time="0.096" classname="test.APIEntityInfoPUTTests"/>
  <testcase name="UpdateSmStandardRole" time="0.092" classname="test.APIEntityInfoPUTTests"/>
  <testcase name="UpdateSmEntityIsClosedLoop" time="0.124" classname="test.APIEntityInfoPUTTests"/>
  <testcase name="UpdateSmPropsFileMoreThan40Chars" time="0.090" classname="test.APIEntityInfoPUTTests"/>
  <testcase name="UpdateSmAdminRole" time="0.132" classname="test.APIEntityInfoPUTTests"/>
  <testcase name="UpdateSmCustomerOwnerRole" time="0.108" classname="test.APIEntityInfoPUTTests"/>
  <testcase name="UpdateSmAPITokenMissing" time="3.154" classname="test.APIEntityInfoPUTTests"/>
  <testcase name="UpdateSmAlreadyExists" time="0.108" classname="test.APIEntityInfoPUTTests"/>
  <testcase name="UpdateSmEntityTypeNotEnum" time="0.092" classname="test.APIEntityInfoPUTTests"/>
  <testcase name="UpdateSm_Success" time="0.088" classname="test.APIEntityInfoPUTTests"/>
  <testcase name="UpdateSmEntityNameMissing" time="0.084" classname="test.APIEntityInfoPUTTests"/>
  <testcase name="UpdateSmEntityPasswordMissing" time="0.088" classname="test.APIEntityInfoPUTTests"/>
  <testcase name="UpdateSmEntityAddressMissing" time="0.104" classname="test.APIEntityInfoPUTTests"/>
  <testcase name="UpdateSmEntityIdMissing" time="0.088" classname="test.APIEntityInfoPUTTests"/>
</testsuite> <!-- test.APIEntityInfoPUTTests -->
