<?xml version="1.0" encoding="UTF-8"?>
<!-- Generated by org.testng.reporters.JUnitReportReporter -->
<testsuite hostname="LAPTOP-TGO2J5N0" name="test.APICustomerPOSTTests" tests="28" failures="0" timestamp="3 Jun 2019 11:59:49 GMT" time="3.404" errors="0">
  <testcase name="CreateCustomerIsRootNotBoolean" time="0.058" classname="test.APICustomerPOSTTests"/>
  <testcase name="CreateCustomerMissingCustomerName" time="0.045" classname="test.APICustomerPOSTTests"/>
  <testcase name="CreateCustomerAdminRole" time="0.098" classname="test.APICustomerPOSTTests"/>
  <testcase name="CreateCustomerInvalidAPIToken" time="0.070" classname="test.APICustomerPOSTTests"/>
  <testcase name="CreateCustomerMissingNotifUrlNotRoot" time="0.066" classname="test.APICustomerPOSTTests"/>
  <testcase name="CreateCustomerInvalidParentId" time="0.065" classname="test.APICustomerPOSTTests"/>
  <testcase name="CreateCustomer" time="1.727" classname="test.APICustomerPOSTTests"/>
  <testcase name="CreateCustomerInvalidNotificationURL" time="0.061" classname="test.APICustomerPOSTTests"/>
  <testcase name="CreateCustomerInvalidCustomerId" time="0.052" classname="test.APICustomerPOSTTests"/>
  <testcase name="CreateCustomerInvalidCustomerName" time="0.047" classname="test.APICustomerPOSTTests"/>
  <testcase name="CreateCustomerInvalidIsRoot" time="0.071" classname="test.APICustomerPOSTTests"/>
  <testcase name="CreateCustomerMissingQuarantine2" time="0.055" classname="test.APICustomerPOSTTests"/>
  <testcase name="CreateCustomerInvalidQuarantineDuration2" time="0.070" classname="test.APICustomerPOSTTests"/>
  <testcase name="CreateCustomerExistingCustomerId" time="0.077" classname="test.APICustomerPOSTTests"/>
  <testcase name="CreateCustomerMissingIsRoot" time="0.054" classname="test.APICustomerPOSTTests"/>
  <testcase name="CreateCustomerInvalidBillingCode" time="0.056" classname="test.APICustomerPOSTTests"/>
  <testcase name="CreateCustomerSuperAdminRole" time="0.061" classname="test.APICustomerPOSTTests"/>
  <testcase name="CreateCustomerIncorrectURL" time="0.048" classname="test.APICustomerPOSTTests"/>
  <testcase name="CreateCustomerParamMoreThan100Chars" time="0.055" classname="test.APICustomerPOSTTests"/>
  <testcase name="CreateCustomerMissingQuarantine1" time="0.047" classname="test.APICustomerPOSTTests"/>
  <testcase name="CreateCustomerMissingAPIToken" time="0.041" classname="test.APICustomerPOSTTests"/>
  <testcase name="CreateCustomerCustomerOwnerRole" time="0.088" classname="test.APICustomerPOSTTests"/>
  <testcase name="CreateCustomerMissingCustomerId" time="0.040" classname="test.APICustomerPOSTTests"/>
  <testcase name="CreateCustomerInvalidQuarantineDuration1" time="0.075" classname="test.APICustomerPOSTTests"/>
  <testcase name="CreateCustomerMissingCustomerBillingCode" time="0.044" classname="test.APICustomerPOSTTests"/>
  <testcase name="CreateCustomerIsRootfalse" time="0.137" classname="test.APICustomerPOSTTests"/>
  <testcase name="CreateCustomerMissingNotifUrlRootCustomer" time="0.050" classname="test.APICustomerPOSTTests"/>
  <testcase name="CreateCustomerMissingParentId" time="0.046" classname="test.APICustomerPOSTTests"/>
</testsuite> <!-- test.APICustomerPOSTTests -->
