<?xml version="1.0" encoding="UTF-8"?>
<!-- Generated by org.testng.reporters.JUnitReportReporter -->
<testsuite hostname="LAPTOP-TGO2J5N0" name="test.APIPProfileDELETETests" tests="8" failures="0" timestamp="22 Jun 2019 19:58:39 GMT" time="2.709" errors="0">
  <testcase name="DeletePProfileMissingAPIToken" time="0.093" classname="test.APIPProfileDELETETests"/>
  <testcase name="DeletePProfileSuperAdminRole" time="0.112" classname="test.APIPProfileDELETETests"/>
  <testcase name="DeletePProfile" time="1.979" classname="test.APIPProfileDELETETests"/>
  <testcase name="DeletePProfileInvalidAPIToken" time="0.116" classname="test.APIPProfileDELETETests"/>
  <testcase name="DeletePProfileInvalidParamName" time="0.119" classname="test.APIPProfileDELETETests"/>
  <testcase name="DeletePProfileCustomerOwnerRole" time="0.104" classname="test.APIPProfileDELETETests"/>
  <testcase name="DeletePProfileNoPProfileInDb" time="0.106" classname="test.APIPProfileDELETETests"/>
  <testcase name="DeletePProfileAdminRole" time="0.080" classname="test.APIPProfileDELETETests"/>
</testsuite> <!-- test.APIPProfileDELETETests -->
