<?xml version="1.0" encoding="UTF-8"?>
<!-- Generated by org.testng.reporters.JUnitReportReporter -->
<testsuite hostname="LAPTOP-TGO2J5N0" name="test.APIEntityInfoGETTests" tests="11" failures="0" timestamp="27 May 2019 15:38:07 GMT" time="4.386" errors="0">
  <testcase name="EntityIdExists" time="3.099" classname="test.APIEntityInfoGETTests"/>
  <testcase name="EntityIdExistsSuperAdminRole" time="0.102" classname="test.APIEntityInfoGETTests"/>
  <testcase name="EntityIdExistsAlphaNumeric" time="0.128" classname="test.APIEntityInfoGETTests"/>
  <testcase name="EntityIdExistsCustomerOwnerRole" time="0.125" classname="test.APIEntityInfoGETTests"/>
  <testcase name="EntityIdExistsStandardRole" time="0.103" classname="test.APIEntityInfoGETTests"/>
  <testcase name="InvalidURL" time="0.113" classname="test.APIEntityInfoGETTests"/>
  <testcase name="NoEntityExists" time="0.099" classname="test.APIEntityInfoGETTests"/>
  <testcase name="InvalidAPIToken" time="0.296" classname="test.APIEntityInfoGETTests"/>
  <testcase name="V1andnotV2" time="0.105" classname="test.APIEntityInfoGETTests"/>
  <testcase name="EntityIdExistsAdminRole" time="0.124" classname="test.APIEntityInfoGETTests"/>
  <testcase name="MissingAPIToken" time="0.092" classname="test.APIEntityInfoGETTests"/>
</testsuite> <!-- test.APIEntityInfoGETTests -->
