<?xml version="1.0" encoding="UTF-8"?>
<!-- Generated by org.testng.reporters.JUnitReportReporter -->
<testsuite hostname="LAPTOP-TGO2J5N0" name="test.APIUProfilePOSTTests" tests="30" failures="0" timestamp="27 May 2019 15:00:55 GMT" time="6.330" errors="0">
  <testcase name="CreateUprofileInvalidPPSize" time="0.112" classname="test.APIUProfilePOSTTests"/>
  <testcase name="CreateUprofileInvalidURL" time="0.104" classname="test.APIUProfilePOSTTests"/>
  <testcase name="CreateUprofileUpVersionMissing" time="0.092" classname="test.APIUProfilePOSTTests"/>
  <testcase name="CreateUprofileWithSameNameAndId" time="0.098" classname="test.APIUProfilePOSTTests"/>
  <testcase name="CreateUprofileInvalidAPIToken" time="0.107" classname="test.APIUProfilePOSTTests"/>
  <testcase name="CreateUprofileAlphaNumericUpId" time="0.125" classname="test.APIUProfilePOSTTests"/>
  <testcase name="CreateUprofileInvalidUPStatus" time="0.104" classname="test.APIUProfilePOSTTests"/>
  <testcase name="CreateUprofileInvalidUPName" time="0.094" classname="test.APIUProfilePOSTTests"/>
  <testcase name="CreateUprofileInvalidQuarantineTime" time="0.104" classname="test.APIUProfilePOSTTests"/>
  <testcase name="CreateUprofilePpSizeMissing" time="0.097" classname="test.APIUProfilePOSTTests"/>
  <testcase name="CreateUprofileSuperAdminRole" time="0.104" classname="test.APIUProfilePOSTTests"/>
  <testcase name="CreateUprofileInvalidUPId" time="0.092" classname="test.APIUProfilePOSTTests"/>
  <testcase name="CreateUprofileUpStatusNonEnum" time="0.083" classname="test.APIUProfilePOSTTests"/>
  <testcase name="CreateUprofileQuarantineTimeMissing" time="0.101" classname="test.APIUProfilePOSTTests"/>
  <testcase name="CreateUprofileInvalidUPVersion" time="0.100" classname="test.APIUProfilePOSTTests"/>
  <testcase name="CreateUprofileParamMoreThan40Chars" time="0.093" classname="test.APIUProfilePOSTTests"/>
  <testcase name="CreateUprofileCustomerOwnerRole" time="0.105" classname="test.APIUProfilePOSTTests"/>
  <testcase name="CreateUprofileInvalidMoveVersion" time="0.093" classname="test.APIUProfilePOSTTests"/>
  <testcase name="CreateUprofileUpTypeMissing" time="0.093" classname="test.APIUProfilePOSTTests"/>
  <testcase name="CreateUprofileExists" time="0.101" classname="test.APIUProfilePOSTTests"/>
  <testcase name="CreateUprofileUpStatusUnderTest" time="0.097" classname="test.APIUProfilePOSTTests"/>
  <testcase name="CreateUprofileUpStatusMissing" time="0.100" classname="test.APIUProfilePOSTTests"/>
  <testcase name="CreateUprofileMoveVersionMissing" time="0.095" classname="test.APIUProfilePOSTTests"/>
  <testcase name="CreateUprofile" time="3.258" classname="test.APIUProfilePOSTTests"/>
  <testcase name="CreateUprofileUpIdMissing" time="0.095" classname="test.APIUProfilePOSTTests"/>
  <testcase name="CreateUprofileInvalidUPType" time="0.094" classname="test.APIUProfilePOSTTests"/>
  <testcase name="CreateUprofileMissingAPIToken" time="0.266" classname="test.APIUProfilePOSTTests"/>
  <testcase name="CreateUprofileAdminRole" time="0.123" classname="test.APIUProfilePOSTTests"/>
  <testcase name="CreateUprofileUpNameMissing" time="0.096" classname="test.APIUProfilePOSTTests"/>
  <testcase name="CreateUprofileUpStatusInternal" time="0.104" classname="test.APIUProfilePOSTTests"/>
</testsuite> <!-- test.APIUProfilePOSTTests -->
