<?xml version="1.0" encoding="UTF-8"?>
<!-- Generated by org.testng.reporters.JUnitReportReporter -->
<testsuite hostname="LAPTOP-TGO2J5N0" name="test.APIPProfilePOSTTests" tests="32" failures="0" timestamp="22 Jun 2019 19:23:44 GMT" time="4.083" errors="0">
  <testcase name="CreatePProfileInvalidType" time="0.049" classname="test.APIPProfilePOSTTests"/>
  <testcase name="CreatePProfileStandardRole" time="0.060" classname="test.APIPProfilePOSTTests"/>
  <testcase name="CreatePProfileSuperAdminRole" time="0.090" classname="test.APIPProfilePOSTTests"/>
  <testcase name="CreatePProfileWithAlphaNumericCustomer" time="0.060" classname="test.APIPProfilePOSTTests"/>
  <testcase name="CreatePProfileMissingFallbackAttribute" time="0.149" classname="test.APIPProfilePOSTTests"/>
  <testcase name="CreatePProfileInvalidUPId" time="0.133" classname="test.APIPProfilePOSTTests"/>
  <testcase name="CreatePProfileInvalidAPIToken" time="0.068" classname="test.APIPProfilePOSTTests"/>
  <testcase name="CreatePProfileMissingMsisdn" time="0.058" classname="test.APIPProfilePOSTTests"/>
  <testcase name="CreatePProfileInvalidPPLiveStatus" time="0.061" classname="test.APIPProfilePOSTTests"/>
  <testcase name="CreateCustomerForPProfile" time="1.915" classname="test.APIPProfilePOSTTests"/>
  <testcase name="CreatePProfileMissingCustomerId" time="0.052" classname="test.APIPProfilePOSTTests"/>
  <testcase name="CreatePProfileInvalidMsisdn" time="0.061" classname="test.APIPProfilePOSTTests"/>
  <testcase name="CreatePProfileInvalidDatagenSource" time="0.054" classname="test.APIPProfilePOSTTests"/>
  <testcase name="CreatePProfileInvalidFallbackAttribute" time="0.057" classname="test.APIPProfilePOSTTests"/>
  <testcase name="CreatePProfileWithNonRootCustomer" time="0.098" classname="test.APIPProfilePOSTTests"/>
  <testcase name="CreatePProfileInvalidIccId" time="0.044" classname="test.APIPProfilePOSTTests"/>
  <testcase name="CreatePProfileMissingAPIToken" time="0.045" classname="test.APIPProfilePOSTTests"/>
  <testcase name="CreatePProfileMissingStorageEntity" time="0.064" classname="test.APIPProfilePOSTTests"/>
  <testcase name="CreatePProfileInvalidStorageEntity" time="0.072" classname="test.APIPProfilePOSTTests"/>
  <testcase name="CreatePProfile" time="0.097" classname="test.APIPProfilePOSTTests"/>
  <testcase name="CreatePProfileMissingIccid" time="0.050" classname="test.APIPProfilePOSTTests"/>
  <testcase name="CreatePProfileInvalidCustomerId" time="0.057" classname="test.APIPProfilePOSTTests"/>
  <testcase name="CreatePProfileMissingUPId" time="0.047" classname="test.APIPProfilePOSTTests"/>
  <testcase name="CreatePProfileMissingType" time="0.056" classname="test.APIPProfilePOSTTests"/>
  <testcase name="CreatePProfileMissingSMDPId" time="0.075" classname="test.APIPProfilePOSTTests"/>
  <testcase name="CreatePProfileMissingDatagenSource" time="0.059" classname="test.APIPProfilePOSTTests"/>
  <testcase name="CreatePProfileAdminRole" time="0.096" classname="test.APIPProfilePOSTTests"/>
  <testcase name="CreatePProfileInvalidSMDPId" time="0.059" classname="test.APIPProfilePOSTTests"/>
  <testcase name="CreatePProfileCustomerOwnerRole" time="0.068" classname="test.APIPProfilePOSTTests"/>
  <testcase name="CreatePProfileAlreadyExists" time="0.104" classname="test.APIPProfilePOSTTests"/>
  <testcase name="CreatePProfileMissingPPLiveStatus" time="0.069" classname="test.APIPProfilePOSTTests"/>
  <testcase name="CreatePProfileMissingProfilePackage" time="0.056" classname="test.APIPProfilePOSTTests"/>
</testsuite> <!-- test.APIPProfilePOSTTests -->
