<?xml version="1.0" encoding="UTF-8"?>
<!-- Generated by org.testng.reporters.JUnitReportReporter -->
<testsuite hostname="LAPTOP-TGO2J5N0" name="api.PLCM.Scripts.GetAllEUICCs" tests="8" failures="0" timestamp="21 Aug 2019 17:19:13 GMT" time="2.938" errors="0">
  <testcase name="getalleuiccs" time="1.877" classname="api.PLCM.Scripts.GetAllEUICCs"/>
  <testcase name="getalleuiccsInvalidAPIToken" time="0.224" classname="api.PLCM.Scripts.GetAllEUICCs"/>
  <testcase name="getalleuiccsMissingAPIToken" time="0.239" classname="api.PLCM.Scripts.GetAllEUICCs"/>
  <testcase name="getalleuiccsSuperAdminRole" time="0.282" classname="api.PLCM.Scripts.GetAllEUICCs"/>
  <testcase name="getalleuiccsV1AndnotV2" time="0.043" classname="api.PLCM.Scripts.GetAllEUICCs"/>
  <testcase name="getalleuiccsAdminRole" time="0.079" classname="api.PLCM.Scripts.GetAllEUICCs"/>
  <testcase name="getalleuiccsSystemRole" time="0.044" classname="api.PLCM.Scripts.GetAllEUICCs"/>
  <testcase name="getalleuiccsNoEuiccInDb" time="0.150" classname="api.PLCM.Scripts.GetAllEUICCs"/>
</testsuite> <!-- api.PLCM.Scripts.GetAllEUICCs -->
