<?xml version="1.0" encoding="UTF-8"?>
<!-- Generated by org.testng.reporters.JUnitReportReporter -->
<testsuite hostname="LAPTOP-TGO2J5N0" name="test.APIEntityInfoPOSTTests" tests="23" failures="0" timestamp="27 Jul 2019 15:32:53 GMT" time="9.609" errors="0">
  <testcase name="CreateSmEntityTypeNotEnum" time="0.150" classname="test.APIEntityInfoPOSTTests"/>
  <testcase name="CreateSmEntityAddressMissing" time="0.116" classname="test.APIEntityInfoPOSTTests"/>
  <testcase name="CreateSmAlreadyExists" time="0.925" classname="test.APIEntityInfoPOSTTests"/>
  <testcase name="CreateSmEntityNameMissing" time="0.093" classname="test.APIEntityInfoPOSTTests"/>
  <testcase name="CreateSmEntityAPITypeMissing" time="0.343" classname="test.APIEntityInfoPOSTTests"/>
  <testcase name="CreateSmEntityUserNameMissing" time="0.325" classname="test.APIEntityInfoPOSTTests"/>
  <testcase name="CreateSmIncorrectURL" time="0.248" classname="test.APIEntityInfoPOSTTests"/>
  <testcase name="CreateSmEntityPortMissing" time="0.195" classname="test.APIEntityInfoPOSTTests"/>
  <testcase name="CreateSmEntityTypeMissing" time="0.149" classname="test.APIEntityInfoPOSTTests"/>
  <testcase name="CreateSmEntityIsClosedLoop" time="0.117" classname="test.APIEntityInfoPOSTTests"/>
  <testcase name="CreateSm_SuccessStandardRole" time="0.133" classname="test.APIEntityInfoPOSTTests"/>
  <testcase name="CreateSmEntityProtocolMissing" time="0.174" classname="test.APIEntityInfoPOSTTests"/>
  <testcase name="CreateSm_SuccessAdminRole" time="0.126" classname="test.APIEntityInfoPOSTTests"/>
  <testcase name="CreateSmEntityIsSmSr" time="0.111" classname="test.APIEntityInfoPOSTTests"/>
  <testcase name="CreateSmEntitySupplierMissing" time="0.164" classname="test.APIEntityInfoPOSTTests"/>
  <testcase name="CreateSm_Success" time="0.141" classname="test.APIEntityInfoPOSTTests"/>
  <testcase name="CreateSmEntityIdMissing" time="0.075" classname="test.APIEntityInfoPOSTTests"/>
  <testcase name="CreateSmPropsFileMoreThan40Chars" time="0.189" classname="test.APIEntityInfoPOSTTests"/>
  <testcase name="CreateSmEntityPropertyFilePathMissing" time="0.177" classname="test.APIEntityInfoPOSTTests"/>
  <testcase name="CreateSm_SuccessCustomerOwnerRole" time="0.133" classname="test.APIEntityInfoPOSTTests"/>
  <testcase name="CreateSmEntityPasswordMissing" time="0.101" classname="test.APIEntityInfoPOSTTests"/>
  <testcase name="CreateSmAPITokenMissing" time="5.244" classname="test.APIEntityInfoPOSTTests"/>
  <testcase name="CreateSmInvalidAPIToken" time="0.180" classname="test.APIEntityInfoPOSTTests"/>
</testsuite> <!-- test.APIEntityInfoPOSTTests -->
