<?xml version="1.0" encoding="UTF-8"?>
<!-- Generated by org.testng.reporters.JUnitReportReporter -->
<testsuite hostname="LAPTOP-TGO2J5N0" name="test.APICustomerDELETETests" tests="10" failures="0" timestamp="1 Jun 2019 13:31:11 GMT" time="5.351" errors="0">
  <testcase name="DeleteCustomerRootCustomer" time="0.059" classname="test.APICustomerDELETETests"/>
  <testcase name="DeleteCustomerV1AndNotV2" time="0.054" classname="test.APICustomerDELETETests"/>
  <testcase name="DeleteCustomerInvalidCustomerIdName" time="0.091" classname="test.APICustomerDELETETests"/>
  <testcase name="DeleteCustomer" time="4.602" classname="test.APICustomerDELETETests"/>
  <testcase name="DeleteCustomerAlphaNumeric" time="0.105" classname="test.APICustomerDELETETests"/>
  <testcase name="DeleteCustomerMissingAPIToken" time="0.088" classname="test.APICustomerDELETETests"/>
  <testcase name="DeleteCustomerCustomerOwnerRole" time="0.086" classname="test.APICustomerDELETETests"/>
  <testcase name="DeleteCustomerInvalidAPIToken" time="0.073" classname="test.APICustomerDELETETests"/>
  <testcase name="DeleteCustomerAdminRoleCopy" time="0.117" classname="test.APICustomerDELETETests"/>
  <testcase name="DeleteCustomerMissingCustomerId" time="0.076" classname="test.APICustomerDELETETests"/>
</testsuite> <!-- test.APICustomerDELETETests -->
