<?xml version="1.0" encoding="UTF-8"?>
<!-- Generated by org.testng.reporters.JUnitReportReporter -->
<testsuite hostname="LAPTOP-TGO2J5N0" name="test.APIGetAllSMsTests" tests="6" failures="0" timestamp="25 Jul 2019 06:37:42 GMT" time="5.539" errors="0">
  <testcase name="GetAllSMsInvalidAPIToken" time="0.132" classname="test.APIGetAllSMsTests"/>
  <testcase name="GetAllSMsInvalidParamName" time="0.341" classname="test.APIGetAllSMsTests"/>
  <testcase name="GetAllSMsAdminRole" time="0.218" classname="test.APIGetAllSMsTests"/>
  <testcase name="GetAllSMsCustomerOwnerRole" time="0.165" classname="test.APIGetAllSMsTests"/>
  <testcase name="GetAllSMs" time="4.546" classname="test.APIGetAllSMsTests"/>
  <testcase name="GetAllSMsSuperAdmin" time="0.137" classname="test.APIGetAllSMsTests"/>
</testsuite> <!-- test.APIGetAllSMsTests -->
