<?xml version="1.0" encoding="UTF-8"?>
<!-- Generated by org.testng.reporters.JUnitReportReporter -->
<testsuite hostname="LAPTOP-TGO2J5N0" name="api.PLCM.Scripts.GetAllUProfiles" tests="7" failures="0" timestamp="21 Aug 2019 17:18:58 GMT" time="2.706" errors="0">
  <testcase name="GetAllUProfilesAdminRole" time="1.912" classname="api.PLCM.Scripts.GetAllUProfiles"/>
  <testcase name="GetAllUProfilesInvalidParamName" time="0.056" classname="api.PLCM.Scripts.GetAllUProfiles"/>
  <testcase name="GetAllUProfilesMissingAPIToken" time="0.260" classname="api.PLCM.Scripts.GetAllUProfiles"/>
  <testcase name="GetAllUProfilesInvalidAPIToken" time="0.301" classname="api.PLCM.Scripts.GetAllUProfiles"/>
  <testcase name="GetAllUprofiles" time="0.049" classname="api.PLCM.Scripts.GetAllUProfiles"/>
  <testcase name="GetAllUProfilesSuperAdminRole" time="0.068" classname="api.PLCM.Scripts.GetAllUProfiles"/>
  <testcase name="GetAllUProfilesSystemRole" time="0.060" classname="api.PLCM.Scripts.GetAllUProfiles"/>
</testsuite> <!-- api.PLCM.Scripts.GetAllUProfiles -->
