<?xml version="1.0" encoding="UTF-8"?>
<!-- Generated by org.testng.reporters.JUnitReportReporter -->
<testsuite hostname="LAPTOP-TGO2J5N0" name="api.PLCM.Scripts.APIEntityInfoGETTests" tests="10" failures="0" timestamp="11 Aug 2019 11:43:38 GMT" time="3.677" errors="0">
  <testcase name="EntityIdExistsAdminRole" time="0.100" classname="api.PLCM.Scripts.APIEntityInfoGETTests"/>
  <testcase name="EntityIdExistsAlphaNumeric" time="0.108" classname="api.PLCM.Scripts.APIEntityInfoGETTests"/>
  <testcase name="EntityIdExistsSuperAdminRole" time="0.097" classname="api.PLCM.Scripts.APIEntityInfoGETTests"/>
  <testcase name="EntityIdExistsStandardRole" time="0.138" classname="api.PLCM.Scripts.APIEntityInfoGETTests"/>
  <testcase name="InvalidURL" time="0.074" classname="api.PLCM.Scripts.APIEntityInfoGETTests"/>
  <testcase name="MissingAPIToken" time="0.067" classname="api.PLCM.Scripts.APIEntityInfoGETTests"/>
  <testcase name="EntityIdExists" time="2.794" classname="api.PLCM.Scripts.APIEntityInfoGETTests"/>
  <testcase name="InvalidAPIToken" time="0.174" classname="api.PLCM.Scripts.APIEntityInfoGETTests"/>
  <testcase name="V1andnotV2" time="0.061" classname="api.PLCM.Scripts.APIEntityInfoGETTests"/>
  <testcase name="NoEntityExists" time="0.064" classname="api.PLCM.Scripts.APIEntityInfoGETTests"/>
</testsuite> <!-- api.PLCM.Scripts.APIEntityInfoGETTests -->
