<?xml version="1.0" encoding="UTF-8"?>
<!-- Generated by org.testng.reporters.JUnitReportReporter -->
<testsuite hostname="LAPTOP-TGO2J5N0" name="test.APIUProfileGETTests" tests="10" failures="0" timestamp="27 May 2019 15:02:04 GMT" time="4.074" errors="0">
  <testcase name="MissingUprofile" time="3.132" classname="test.APIUProfileGETTests"/>
  <testcase name="UprofileExistsSuperAdminRole" time="0.107" classname="test.APIUProfileGETTests"/>
  <testcase name="UprofileExistsAdminRole" time="0.108" classname="test.APIUProfileGETTests"/>
  <testcase name="UprofileExistsAlphaNumeric" time="0.109" classname="test.APIUProfileGETTests"/>
  <testcase name="UprofileExistsCustomerOwnerRole" time="0.100" classname="test.APIUProfileGETTests"/>
  <testcase name="UprofileInvalidParamName" time="0.105" classname="test.APIUProfileGETTests"/>
  <testcase name="UprofileWhenV1AndNotV2" time="0.099" classname="test.APIUProfileGETTests"/>
  <testcase name="UprofileInvalidAPIToken" time="0.099" classname="test.APIUProfileGETTests"/>
  <testcase name="UprofileExists" time="0.121" classname="test.APIUProfileGETTests"/>
  <testcase name="UprofileMissingAPIToken" time="0.094" classname="test.APIUProfileGETTests"/>
</testsuite> <!-- test.APIUProfileGETTests -->
