<?xml version="1.0" encoding="UTF-8"?>
<!-- Generated by org.testng.reporters.JUnitReportReporter -->
<testsuite hostname="LAPTOP-TGO2J5N0" name="api.PLCM.Scripts.UpdateSubscriptionAddress" tests="1" failures="0" timestamp="21 Aug 2019 16:51:57 GMT" time="2.088" errors="0">
  <testcase name="UpdateMSISDNGSMAMissingAPIToken" time="2.088" classname="api.PLCM.Scripts.UpdateSubscriptionAddress"/>
</testsuite> <!-- api.PLCM.Scripts.UpdateSubscriptionAddress -->
