<?xml version="1.0" encoding="UTF-8"?>
<!-- Generated by org.testng.reporters.JUnitReportReporter -->
<testsuite hostname="LAPTOP-TGO2J5N0" name="api.PLCM.Scripts.GetEIS_SOAP" tests="1" failures="0" timestamp="25 Aug 2019 17:06:51 GMT" time="1.898" errors="0">
  <testcase name="getEisSOAPSystemRole" time="1.898" classname="api.PLCM.Scripts.GetEIS_SOAP"/>
</testsuite> <!-- api.PLCM.Scripts.GetEIS_SOAP -->
