<?xml version="1.0" encoding="UTF-8"?>
<!-- Generated by org.testng.reporters.JUnitReportReporter -->
<testsuite hostname="LAPTOP-TGO2J5N0" name="api.PLCM.Scripts.UpdateSubscriptionAddress_SOAP_ES4" tests="1" failures="0" timestamp="29 Aug 2019 18:24:19 GMT" time="3.876" errors="0">
  <testcase name="UpdateMSISDNGSMAMissingAPIToken" time="3.876" classname="api.PLCM.Scripts.UpdateSubscriptionAddress_SOAP_ES4"/>
</testsuite> <!-- api.PLCM.Scripts.UpdateSubscriptionAddress_SOAP_ES4 -->
