<?xml version="1.0" encoding="UTF-8"?>
<!-- Generated by org.testng.reporters.JUnitReportReporter -->
<testsuite hostname="LAPTOP-TGO2J5N0" name="test.APIGetAllSMsTests" tests="6" failures="0" timestamp="24 Jul 2019 09:37:34 GMT" time="2.189" errors="0">
  <testcase name="GetAllSMs" time="1.691" classname="test.APIGetAllSMsTests"/>
  <testcase name="GetAllSMsSuperAdmin" time="0.096" classname="test.APIGetAllSMsTests"/>
  <testcase name="GetAllSMsAdminRole" time="0.098" classname="test.APIGetAllSMsTests"/>
  <testcase name="GetAllSMsCustomerOwnerRole" time="0.078" classname="test.APIGetAllSMsTests"/>
  <testcase name="GetAllSMsInvalidAPIToken" time="0.079" classname="test.APIGetAllSMsTests"/>
  <testcase name="GetAllSMsInvalidParamName" time="0.147" classname="test.APIGetAllSMsTests"/>
</testsuite> <!-- test.APIGetAllSMsTests -->
