<?xml version="1.0" encoding="UTF-8"?>
<!-- Generated by org.testng.reporters.JUnitReportReporter -->
<testsuite hostname="LAPTOP-TGO2J5N0" name="api.EnableProfile.EnableProfile_SOAP_CL" tests="1" failures="0" timestamp="31 Aug 2019 06:47:55 GMT" time="3.420" errors="0">
  <testcase name="EnableProfileCLAdminRole" time="3.420" classname="api.EnableProfile.EnableProfile_SOAP_CL"/>
</testsuite> <!-- api.EnableProfile.EnableProfile_SOAP_CL -->
