<?xml version="1.0" encoding="UTF-8"?>
<!-- Generated by org.testng.reporters.JUnitReportReporter -->
<testsuite hostname="LAPTOP-TGO2J5N0" name="test.APIEumDELETETests" tests="7" failures="0" timestamp="25 Jun 2019 13:32:09 GMT" time="3.766" errors="0">
  <testcase name="DeleteEumSuperAdminRole" time="0.115" classname="test.APIEumDELETETests"/>
  <testcase name="DeleteEumInvalidAPIToken" time="0.121" classname="test.APIEumDELETETests"/>
  <testcase name="DeleteEumV1AndNotV2" time="0.118" classname="test.APIEumDELETETests"/>
  <testcase name="DeleteEumMissingAPIToken" time="0.098" classname="test.APIEumDELETETests"/>
  <testcase name="DeleteEumStandardRole" time="0.105" classname="test.APIEumDELETETests"/>
  <testcase name="DeleteEumCustomerOwnerRole" time="0.135" classname="test.APIEumDELETETests"/>
  <testcase name="DeleteEumAdminRole" time="3.074" classname="test.APIEumDELETETests"/>
</testsuite> <!-- test.APIEumDELETETests -->
