<?xml version="1.0" encoding="UTF-8"?>
<!-- Generated by org.testng.reporters.JUnitReportReporter -->
<testsuite hostname="LAPTOP-TGO2J5N0" name="test.APIEumPOSTTests" tests="13" failures="0" timestamp="25 Jun 2019 13:30:50 GMT" time="4.764" errors="0">
  <testcase name="CreateEumInvalidAPIToken" time="0.130" classname="test.APIEumPOSTTests"/>
  <testcase name="CreateEumMissingAPIToken" time="0.106" classname="test.APIEumPOSTTests"/>
  <testcase name="CreateEumInvalidName" time="0.112" classname="test.APIEumPOSTTests"/>
  <testcase name="CreateEumInvalidEumIdName" time="0.370" classname="test.APIEumPOSTTests"/>
  <testcase name="CreateEumInvalidEumName" time="0.106" classname="test.APIEumPOSTTests"/>
  <testcase name="CreateEumExistingEUMId" time="0.150" classname="test.APIEumPOSTTests"/>
  <testcase name="CreateEumSuperAdminRole" time="0.143" classname="test.APIEumPOSTTests"/>
  <testcase name="CreateEumAdminRole" time="2.997" classname="test.APIEumPOSTTests"/>
  <testcase name="CreateEumStandardRole" time="0.114" classname="test.APIEumPOSTTests"/>
  <testcase name="CreateEumMissingEumIDAndName" time="0.104" classname="test.APIEumPOSTTests"/>
  <testcase name="CreateEumMissingEumId" time="0.131" classname="test.APIEumPOSTTests"/>
  <testcase name="CreateEumV1AndNotV2" time="0.146" classname="test.APIEumPOSTTests"/>
  <testcase name="CreateEumCustomerOwnerRole" time="0.155" classname="test.APIEumPOSTTests"/>
</testsuite> <!-- test.APIEumPOSTTests -->
